<?xml version="1.0" encoding="UTF-8"?>
<!-- Generated by org.testng.reporters.JUnitReportReporter -->
<testsuite hostname="MUM-LAP-409" failures="0" tests="1" name="com.assure.qa.testcases.AbandonedVehiclesPopUpTest" time="39.980" errors="0" timestamp="13 Aug 2019 16:04:13 GMT" skipped="0">
  <testcase classname="com.assure.qa.testcases.AbandonedVehiclesPopUpTest" name="selectAbandonedVehiclesType" time="39.980"/>
</testsuite> <!-- com.assure.qa.testcases.AbandonedVehiclesPopUpTest -->
