<?xml version="1.0" encoding="UTF-8"?>
<!-- Generated by org.testng.reporters.JUnitReportReporter -->
<testsuite hostname="MUM-LAP-409" failures="0" tests="1" name="com.assure.qa.testcases.LoginPageTest" time="18.913" errors="0" timestamp="08 Aug 2019 16:47:49 GMT" skipped="0">
  <testcase classname="com.assure.qa.testcases.LoginPageTest" name="VerifyButtonNames" time="18.913"/>
</testsuite> <!-- com.assure.qa.testcases.LoginPageTest -->
