<?xml version="1.0" encoding="UTF-8"?>
<!-- Generated by org.testng.reporters.JUnitReportReporter -->
<testsuite hostname="MUM-LAP-409" failures="0" tests="2" name="com.assure.qa.testcases.HomePageTest" time="41.312" errors="0" timestamp="24 Aug 2019 19:00:37 GMT" skipped="0">
  <testcase classname="com.assure.qa.testcases.HomePageTest" name="VerifySectionNamesTest" time="24.034"/>
  <testcase classname="com.assure.qa.testcases.HomePageTest" name="VerifyButtonNamesTest" time="17.278"/>
</testsuite> <!-- com.assure.qa.testcases.HomePageTest -->
