<?xml version="1.0" encoding="UTF-8"?>
<!-- Generated by org.testng.reporters.JUnitReportReporter -->
<testsuite hostname="MUM-LAP-409" failures="0" tests="2" name="com.assure.qa.testcases.AbandonedVehiclesPopUpTest" time="70.430" errors="0" timestamp="19 Aug 2019 12:44:52 GMT" skipped="0">
  <testcase classname="com.assure.qa.testcases.AbandonedVehiclesPopUpTest" name="selectAbandonedVehiclesType" time="50.217"/>
  <testcase classname="com.assure.qa.testcases.AbandonedVehiclesPopUpTest" name="isAbandonedVehiclesPopUpElementsDisplayedAndEnabled" time="20.213"/>
</testsuite> <!-- com.assure.qa.testcases.AbandonedVehiclesPopUpTest -->
