<?xml version="1.0" encoding="UTF-8"?>
<!-- Generated by org.testng.reporters.JUnitReportReporter -->
<testsuite hostname="MUM-LAP-409" failures="0" tests="1" name="com.assure.qa.testcases.AbandonedVehiclesPopUpTest" time="21.625" errors="0" timestamp="16 Aug 2019 09:59:23 GMT" skipped="0">
  <testcase classname="com.assure.qa.testcases.AbandonedVehiclesPopUpTest" name="isAbandonedVehiclesPopUpElementsDisplayedAndEnabled" time="21.625"/>
</testsuite> <!-- com.assure.qa.testcases.AbandonedVehiclesPopUpTest -->
