<?xml version="1.0" encoding="UTF-8"?>
<!-- Generated by org.testng.reporters.JUnitReportReporter -->
<testsuite hostname="MUM-LAP-409" failures="0" tests="2" name="com.assure.qa.testcases.HomePageTest" time="29.385" errors="0" timestamp="28 Aug 2019 16:18:12 GMT" skipped="0">
  <testcase classname="com.assure.qa.testcases.HomePageTest" name="VerifyButtonNamesTest" time="14.296"/>
  <testcase classname="com.assure.qa.testcases.HomePageTest" name="VerifySectionNamesTest" time="15.089"/>
</testsuite> <!-- com.assure.qa.testcases.HomePageTest -->
